The target system is: Generic - 3.3.99 - arm
The host system is: Windows - 10.0.22621 - AMD64
Compiling the C compiler identification source file "CMakeCCompilerId.c" succeeded.
Compiler: C:/ncs/toolchains/31f4403e35/opt/zephyr-sdk/arm-zephyr-eabi/bin/arm-zephyr-eabi-gcc.exe 
Build flags: 
Id flags: -c 

The output was:
0


Compilation of the C compiler identification source "CMakeCCompilerId.c" produced "CMakeCCompilerId.o"

The C compiler identification is GNU, found in "D:/Git-Projects/nrf52840-BLEUart-ADC/build/CMakeFiles/3.20.5/CompilerIdC/CMakeCCompilerId.o"

Compiling the CXX compiler identification source file "CMakeCXXCompilerId.cpp" succeeded.
Compiler: C:/ncs/toolchains/31f4403e35/opt/zephyr-sdk/arm-zephyr-eabi/bin/arm-zephyr-eabi-g++.exe 
Build flags: 
Id flags: -c 

The output was:
0


Compilation of the CXX compiler identification source "CMakeCXXCompilerId.cpp" produced "CMakeCXXCompilerId.o"

The CXX compiler identification is GNU, found in "D:/Git-Projects/nrf52840-BLEUart-ADC/build/CMakeFiles/3.20.5/CompilerIdCXX/CMakeCXXCompilerId.o"

Checking whether the ASM compiler is GNU using "--version" matched "(GNU assembler)|(GCC)|(Free Software Foundation)":
arm-zephyr-eabi-gcc.exe (Zephyr SDK 0.16.0) 12.2.0
Copyright (C) 2022 Free Software Foundation, Inc.
This is free software; see the source for copying conditions.  There is NO
warranty; not even for MERCHANTABILITY or FITNESS FOR A PARTICULAR PURPOSE.

Performing C SOURCE FILE Test check_fmacro_prefix_map_D__Git_Projects_nrf52840_BLEUart_ADC_CMAKE_SOURCE_DIR_C__nostartfiles__nostdlib__isystem__c__ncs_toolchains_31f4403e35_opt_zephyr_sdk_arm_zephyr_eabi_bin____lib_gcc_arm_zephyr_eabi_12_2_0_include___isystem__c__ncs_toolchains_31f4403e35_opt_zephyr_sdk_arm_zephyr_eabi_bin____lib_gcc_arm_zephyr_eabi_12_2_0_include_fixed___Wl___unresolved_symbols_ignore_in_object_files__Wl___entry_0 succeeded with the following output:
Change Dir: D:/Git-Projects/nrf52840-BLEUart-ADC/build/CMakeFiles/CMakeTmp

Run Build Command(s):C:/ncs/toolchains/31f4403e35/opt/bin/ninja.exe cmTC_be352 && [1/2] Building C object CMakeFiles/cmTC_be352.dir/src.c.obj
[2/2] Linking C executable cmTC_be352


Source file was:
int main(void) { return 0; }
Performing C++ SOURCE FILE Test check_fmacro_prefix_map_D__Git_Projects_nrf52840_BLEUart_ADC_CMAKE_SOURCE_DIR_CXX__nostartfiles__nostdlib__isystem__c__ncs_toolchains_31f4403e35_opt_zephyr_sdk_arm_zephyr_eabi_bin____lib_gcc_arm_zephyr_eabi_12_2_0_include___isystem__c__ncs_toolchains_31f4403e35_opt_zephyr_sdk_arm_zephyr_eabi_bin____lib_gcc_arm_zephyr_eabi_12_2_0_include_fixed___Wl___unresolved_symbols_ignore_in_object_files__Wl___entry_0 succeeded with the following output:
Change Dir: D:/Git-Projects/nrf52840-BLEUart-ADC/build/CMakeFiles/CMakeTmp

Run Build Command(s):C:/ncs/toolchains/31f4403e35/opt/bin/ninja.exe cmTC_cd11c && [1/2] Building CXX object CMakeFiles/cmTC_cd11c.dir/src.cxx.obj
[2/2] Linking CXX executable cmTC_cd11c


Source file was:
int main() { return 0; }
